# JRE version: OpenJDK Runtime Environment (8.0) (build 1.8.0-25-microsoft-b00)
# Java VM: OpenJDK 64-Bit Server VM (25.71-b00 mixed mode windows-amd64 compressed oops)
Heap:
 PSYoungGen      total 141824K, used 136167K [0x00000000eab00000, 0x00000000f8180000, 0x0000000100000000)
  eden space 119296K, 100% used [0x00000000eab00000,0x00000000f1f80000,0x00000000f1f80000)
  from space 22528K, 74% used [0x00000000f1f80000,0x00000000f2ff9c48,0x00000000f3580000)
  to   space 23552K, 0% used [0x00000000f6a80000,0x00000000f6a90000,0x00000000f8180000)
 ParOldGen       total 69120K, used 35580K [0x00000000c0000000, 0x00000000c4380000, 0x00000000eab00000)
  object space 69120K, 51% used [0x00000000c0000000,0x00000000c22bf178,0x00000000c4380000)
 Metaspace       used 15473K, capacity 16242K, committed 16512K, reserved 1062912K
  class space    used 1844K, capacity 2061K, committed 2176K, reserved 1048576K
GC Heap History (10 events):
Event: 19.031 GC heap before
{Heap before GC invocations=6 (full 0):
 PSYoungGen      total 35328K, used 35304K [0x00000000eab00000, 0x00000000f0900000, 0x0000000100000000)
  eden space 32768K, 100% used [0x00000000eab00000,0x00000000ecb00000,0x00000000ecb00000)
  from space 2560K, 99% used [0x00000000ecb00000,0x00000000ecd7a060,0x00000000ecd80000)
  to   space 15360K, 0% used [0x00000000efa00000,0x00000000efa00000,0x00000000f0900000)
 ParOldGen       total 44032K, used 26860K [0x00000000c0000000, 0x00000000c2b00000, 0x00000000eab00000)
  object space 44032K, 61% used [0x00000000c0000000,0x00000000c1a3b288,0x00000000c2b00000)
 Metaspace       used 8951K, capacity 9276K, committed 9344K, reserved 1056768K
  class space    used 1008K, capacity 1090K, committed 1152K, reserved 1048576K
Event: 19.346 GC heap after
Heap after GC invocations=6 (full 0):
 PSYoungGen      total 80384K, used 11207K [0x00000000eab00000, 0x00000000f0a00000, 0x0000000100000000)
  eden space 65024K, 0% used [0x00000000eab00000,0x00000000eab00000,0x00000000eea80000)
  from space 15360K, 72% used [0x00000000efa00000,0x00000000f04f1ea0,0x00000000f0900000)
  to   space 15872K, 0% used [0x00000000eea80000,0x00000000eea80000,0x00000000efa00000)
 ParOldGen       total 44032K, used 26860K [0x00000000c0000000, 0x00000000c2b00000, 0x00000000eab00000)
  object space 44032K, 61% used [0x00000000c0000000,0x00000000c1a3b288,0x00000000c2b00000)
 Metaspace       used 8951K, capacity 9276K, committed 9344K, reserved 1056768K
  class space    used 1008K, capacity 1090K, committed 1152K, reserved 1048576K
}
Event: 22.110 GC heap before
{Heap before GC invocations=7 (full 0):
 PSYoungGen      total 80384K, used 76231K [0x00000000eab00000, 0x00000000f0a00000, 0x0000000100000000)
  eden space 65024K, 100% used [0x00000000eab00000,0x00000000eea80000,0x00000000eea80000)
  from space 15360K, 72% used [0x00000000efa00000,0x00000000f04f1ea0,0x00000000f0900000)
  to   space 15872K, 0% used [0x00000000eea80000,0x00000000eea80000,0x00000000efa00000)
 ParOldGen       total 44032K, used 26860K [0x00000000c0000000, 0x00000000c2b00000, 0x00000000eab00000)
  object space 44032K, 61% used [0x00000000c0000000,0x00000000c1a3b288,0x00000000c2b00000)
 Metaspace       used 9436K, capacity 9770K, committed 9984K, reserved 1058816K
  class space    used 1069K, capacity 1163K, committed 1280K, reserved 1048576K
Event: 22.239 GC heap after
Heap after GC invocations=7 (full 0):
 PSYoungGen      total 80896K, used 15853K [0x00000000eab00000, 0x00000000f5900000, 0x0000000100000000)
  eden space 65024K, 0% used [0x00000000eab00000,0x00000000eab00000,0x00000000eea80000)
  from space 15872K, 99% used [0x00000000eea80000,0x00000000ef9fb5b0,0x00000000efa00000)
  to   space 24064K, 0% used [0x00000000f4180000,0x00000000f4180000,0x00000000f5900000)
 ParOldGen       total 44032K, used 36918K [0x00000000c0000000, 0x00000000c2b00000, 0x00000000eab00000)
  object space 44032K, 83% used [0x00000000c0000000,0x00000000c240d9b8,0x00000000c2b00000)
 Metaspace       used 9436K, capacity 9770K, committed 9984K, reserved 1058816K
  class space    used 1069K, capacity 1163K, committed 1280K, reserved 1048576K
}
Event: 22.257 GC heap before
{Heap before GC invocations=8 (full 1):
 PSYoungGen      total 80896K, used 15853K [0x00000000eab00000, 0x00000000f5900000, 0x0000000100000000)
  eden space 65024K, 0% used [0x00000000eab00000,0x00000000eab00000,0x00000000eea80000)
  from space 15872K, 99% used [0x00000000eea80000,0x00000000ef9fb5b0,0x00000000efa00000)
  to   space 24064K, 0% used [0x00000000f4180000,0x00000000f4180000,0x00000000f5900000)
 ParOldGen       total 44032K, used 36918K [0x00000000c0000000, 0x00000000c2b00000, 0x00000000eab00000)
  object space 44032K, 83% used [0x00000000c0000000,0x00000000c240d9b8,0x00000000c2b00000)
 Metaspace       used 9436K, capacity 9770K, committed 9984K, reserved 1058816K
  class space    used 1069K, capacity 1163K, committed 1280K, reserved 1048576K
Event: 22.749 GC heap after
Heap after GC invocations=8 (full 1):
 PSYoungGen      total 80896K, used 0K [0x00000000eab00000, 0x00000000f5900000, 0x0000000100000000)
  eden space 65024K, 0% used [0x00000000eab00000,0x00000000eab00000,0x00000000eea80000)
  from space 15872K, 0% used [0x00000000eea80000,0x00000000eea80000,0x00000000efa00000)
  to   space 24064K, 0% used [0x00000000f4180000,0x00000000f4180000,0x00000000f5900000)
 ParOldGen       total 69120K, used 35548K [0x00000000c0000000, 0x00000000c4380000, 0x00000000eab00000)
  object space 69120K, 51% used [0x00000000c0000000,0x00000000c22b7178,0x00000000c4380000)
 Metaspace       used 9428K, capacity 9752K, committed 9984K, reserved 1058816K
  class space    used 1066K, capacity 1158K, committed 1280K, reserved 1048576K
}
Event: 24.267 GC heap before
{Heap before GC invocations=9 (full 1):
 PSYoungGen      total 80896K, used 65024K [0x00000000eab00000, 0x00000000f5900000, 0x0000000100000000)
  eden space 65024K, 100% used [0x00000000eab00000,0x00000000eea80000,0x00000000eea80000)
  from space 15872K, 0% used [0x00000000eea80000,0x00000000eea80000,0x00000000efa00000)
  to   space 24064K, 0% used [0x00000000f4180000,0x00000000f4180000,0x00000000f5900000)
 ParOldGen       total 69120K, used 35548K [0x00000000c0000000, 0x00000000c4380000, 0x00000000eab00000)
  object space 69120K, 51% used [0x00000000c0000000,0x00000000c22b7178,0x00000000c4380000)
 Metaspace       used 9463K, capacity 9752K, committed 9984K, reserved 1058816K
  class space    used 1068K, capacity 1158K, committed 1280K, reserved 1048576K
Event: 24.296 GC heap after
Heap after GC invocations=9 (full 1):
 PSYoungGen      total 125952K, used 10064K [0x00000000eab00000, 0x00000000f4b80000, 0x0000000100000000)
  eden space 115712K, 0% used [0x00000000eab00000,0x00000000eab00000,0x00000000f1c00000)
  from space 10240K, 98% used [0x00000000f4180000,0x00000000f4b54140,0x00000000f4b80000)
  to   space 22528K, 0% used [0x00000000f1f80000,0x00000000f1f80000,0x00000000f3580000)
 ParOldGen       total 69120K, used 35556K [0x00000000c0000000, 0x00000000c4380000, 0x00000000eab00000)
  object space 69120K, 51% used [0x00000000c0000000,0x00000000c22b9178,0x00000000c4380000)
 Metaspace       used 9463K, capacity 9752K, committed 9984K, reserved 1058816K
  class space    used 1068K, capacity 1158K, committed 1280K, reserved 1048576K
}
Event: 42.248 GC heap before
{Heap before GC invocations=10 (full 1):
 PSYoungGen      total 125952K, used 125776K [0x00000000eab00000, 0x00000000f4b80000, 0x0000000100000000)
  eden space 115712K, 100% used [0x00000000eab00000,0x00000000f1c00000,0x00000000f1c00000)
  from space 10240K, 98% used [0x00000000f4180000,0x00000000f4b54140,0x00000000f4b80000)
  to   space 22528K, 0% used [0x00000000f1f80000,0x00000000f1f80000,0x00000000f3580000)
 ParOldGen       total 69120K, used 35556K [0x00000000c0000000, 0x00000000c4380000, 0x00000000eab00000)
  object space 69120K, 51% used [0x00000000c0000000,0x00000000c22b9178,0x00000000c4380000)
 Metaspace       used 15243K, capacity 15966K, committed 16128K, reserved 1062912K
  class space    used 1821K, capacity 2019K, committed 2048K, reserved 1048576K
Event: 45.481 GC heap after
Heap after GC invocations=10 (full 1):
 PSYoungGen      total 141824K, used 16871K [0x00000000eab00000, 0x00000000f8180000, 0x0000000100000000)
  eden space 119296K, 0% used [0x00000000eab00000,0x00000000eab00000,0x00000000f1f80000)
  from space 22528K, 74% used [0x00000000f1f80000,0x00000000f2ff9c48,0x00000000f3580000)
  to   space 23552K, 0% used [0x00000000f6a80000,0x00000000f6a80000,0x00000000f8180000)
 ParOldGen       total 69120K, used 35564K [0x00000000c0000000, 0x00000000c4380000, 0x00000000eab00000)
  object space 69120K, 51% used [0x00000000c0000000,0x00000000c22bb178,0x00000000c4380000)
 Metaspace       used 15243K, capacity 15966K, committed 16128K, reserved 1062912K
  class space    used 1821K, capacity 2019K, committed 2048K, reserved 1048576K
}

