# JRE version: OpenJDK Runtime Environment (8.0) (build 1.8.0-25-microsoft-b00)
# Java VM: OpenJDK 64-Bit Server VM (25.71-b00 mixed mode windows-amd64 compressed oops)
Heap:
 PSYoungGen      total 290304K, used 244046K [0x00000000eab00000, 0x00000000fde00000, 0x0000000100000000)
  eden space 266240K, 84% used [0x00000000eab00000,0x00000000f877cad8,0x00000000faf00000)
  from space 24064K, 75% used [0x00000000fc680000,0x00000000fd856dc0,0x00000000fde00000)
  to   space 24064K, 0% used [0x00000000faf00000,0x00000000faf00000,0x00000000fc680000)
 ParOldGen       total 87552K, used 50614K [0x00000000c0000000, 0x00000000c5580000, 0x00000000eab00000)
  object space 87552K, 57% used [0x00000000c0000000,0x00000000c316db78,0x00000000c5580000)
 Metaspace       used 15672K, capacity 16504K, committed 16768K, reserved 1064960K
  class space    used 1864K, capacity 2094K, committed 2176K, reserved 1048576K
GC Heap History (10 events):
Event: 2.093 GC heap before
{Heap before GC invocations=4 (full 0):
 PSYoungGen      total 38400K, used 38368K [0x00000000eab00000, 0x00000000ef600000, 0x0000000100000000)
  eden space 33280K, 100% used [0x00000000eab00000,0x00000000ecb80000,0x00000000ecb80000)
  from space 5120K, 99% used [0x00000000ecb80000,0x00000000ed0783f0,0x00000000ed080000)
  to   space 5120K, 0% used [0x00000000ef100000,0x00000000ef100000,0x00000000ef600000)
 ParOldGen       total 87552K, used 24246K [0x00000000c0000000, 0x00000000c5580000, 0x00000000eab00000)
  object space 87552K, 27% used [0x00000000c0000000,0x00000000c17adab0,0x00000000c5580000)
 Metaspace       used 8958K, capacity 9278K, committed 9344K, reserved 1056768K
  class space    used 1006K, capacity 1089K, committed 1152K, reserved 1048576K
Event: 2.136 GC heap after
Heap after GC invocations=4 (full 0):
 PSYoungGen      total 71680K, used 5088K [0x00000000eab00000, 0x00000000ef600000, 0x0000000100000000)
  eden space 66560K, 0% used [0x00000000eab00000,0x00000000eab00000,0x00000000eec00000)
  from space 5120K, 99% used [0x00000000ef100000,0x00000000ef5f8020,0x00000000ef600000)
  to   space 5120K, 0% used [0x00000000eec00000,0x00000000eec00000,0x00000000ef100000)
 ParOldGen       total 87552K, used 32771K [0x00000000c0000000, 0x00000000c5580000, 0x00000000eab00000)
  object space 87552K, 37% used [0x00000000c0000000,0x00000000c2000db0,0x00000000c5580000)
 Metaspace       used 8958K, capacity 9278K, committed 9344K, reserved 1056768K
  class space    used 1006K, capacity 1089K, committed 1152K, reserved 1048576K
}
Event: 2.772 GC heap before
{Heap before GC invocations=5 (full 0):
 PSYoungGen      total 71680K, used 71648K [0x00000000eab00000, 0x00000000ef600000, 0x0000000100000000)
  eden space 66560K, 100% used [0x00000000eab00000,0x00000000eec00000,0x00000000eec00000)
  from space 5120K, 99% used [0x00000000ef100000,0x00000000ef5f8020,0x00000000ef600000)
  to   space 5120K, 0% used [0x00000000eec00000,0x00000000eec00000,0x00000000ef100000)
 ParOldGen       total 87552K, used 32771K [0x00000000c0000000, 0x00000000c5580000, 0x00000000eab00000)
  object space 87552K, 37% used [0x00000000c0000000,0x00000000c2000db0,0x00000000c5580000)
 Metaspace       used 9467K, capacity 9836K, committed 9984K, reserved 1058816K
  class space    used 1066K, capacity 1162K, committed 1280K, reserved 1048576K
Event: 2.894 GC heap after
Heap after GC invocations=5 (full 0):
 PSYoungGen      total 71680K, used 5112K [0x00000000eab00000, 0x00000000f5a00000, 0x0000000100000000)
  eden space 66560K, 0% used [0x00000000eab00000,0x00000000eab00000,0x00000000eec00000)
  from space 5120K, 99% used [0x00000000eec00000,0x00000000ef0fe030,0x00000000ef100000)
  to   space 23040K, 0% used [0x00000000f4380000,0x00000000f4380000,0x00000000f5a00000)
 ParOldGen       total 87552K, used 47246K [0x00000000c0000000, 0x00000000c5580000, 0x00000000eab00000)
  object space 87552K, 53% used [0x00000000c0000000,0x00000000c2e23b60,0x00000000c5580000)
 Metaspace       used 9467K, capacity 9836K, committed 9984K, reserved 1058816K
  class space    used 1066K, capacity 1162K, committed 1280K, reserved 1048576K
}
Event: 3.666 GC heap before
{Heap before GC invocations=6 (full 0):
 PSYoungGen      total 71680K, used 71672K [0x00000000eab00000, 0x00000000f5a00000, 0x0000000100000000)
  eden space 66560K, 100% used [0x00000000eab00000,0x00000000eec00000,0x00000000eec00000)
  from space 5120K, 99% used [0x00000000eec00000,0x00000000ef0fe030,0x00000000ef100000)
  to   space 23040K, 0% used [0x00000000f4380000,0x00000000f4380000,0x00000000f5a00000)
 ParOldGen       total 87552K, used 47246K [0x00000000c0000000, 0x00000000c5580000, 0x00000000eab00000)
  object space 87552K, 53% used [0x00000000c0000000,0x00000000c2e23b60,0x00000000c5580000)
 Metaspace       used 9509K, capacity 9836K, committed 9984K, reserved 1058816K
  class space    used 1067K, capacity 1162K, committed 1280K, reserved 1048576K
Event: 3.876 GC heap after
Heap after GC invocations=6 (full 0):
 PSYoungGen      total 154112K, used 15080K [0x00000000eab00000, 0x00000000f5800000, 0x0000000100000000)
  eden space 133120K, 0% used [0x00000000eab00000,0x00000000eab00000,0x00000000f2d00000)
  from space 20992K, 71% used [0x00000000f4380000,0x00000000f523a160,0x00000000f5800000)
  to   space 22016K, 0% used [0x00000000f2d00000,0x00000000f2d00000,0x00000000f4280000)
 ParOldGen       total 87552K, used 47254K [0x00000000c0000000, 0x00000000c5580000, 0x00000000eab00000)
  object space 87552K, 53% used [0x00000000c0000000,0x00000000c2e25b60,0x00000000c5580000)
 Metaspace       used 9509K, capacity 9836K, committed 9984K, reserved 1058816K
  class space    used 1067K, capacity 1162K, committed 1280K, reserved 1048576K
}
Event: 8.061 GC heap before
{Heap before GC invocations=7 (full 0):
 PSYoungGen      total 154112K, used 148200K [0x00000000eab00000, 0x00000000f5800000, 0x0000000100000000)
  eden space 133120K, 100% used [0x00000000eab00000,0x00000000f2d00000,0x00000000f2d00000)
  from space 20992K, 71% used [0x00000000f4380000,0x00000000f523a160,0x00000000f5800000)
  to   space 22016K, 0% used [0x00000000f2d00000,0x00000000f2d00000,0x00000000f4280000)
 ParOldGen       total 87552K, used 47254K [0x00000000c0000000, 0x00000000c5580000, 0x00000000eab00000)
  object space 87552K, 53% used [0x00000000c0000000,0x00000000c2e25b60,0x00000000c5580000)
 Metaspace       used 15322K, capacity 16044K, committed 16128K, reserved 1062912K
  class space    used 1825K, capacity 2020K, committed 2048K, reserved 1048576K
Event: 8.317 GC heap after
Heap after GC invocations=7 (full 0):
 PSYoungGen      total 155136K, used 19904K [0x00000000eab00000, 0x00000000fde00000, 0x0000000100000000)
  eden space 133120K, 0% used [0x00000000eab00000,0x00000000eab00000,0x00000000f2d00000)
  from space 22016K, 90% used [0x00000000f2d00000,0x00000000f4070030,0x00000000f4280000)
  to   space 24064K, 0% used [0x00000000fc680000,0x00000000fc680000,0x00000000fde00000)
 ParOldGen       total 87552K, used 49102K [0x00000000c0000000, 0x00000000c5580000, 0x00000000eab00000)
  object space 87552K, 56% used [0x00000000c0000000,0x00000000c2ff3b80,0x00000000c5580000)
 Metaspace       used 15322K, capacity 16044K, committed 16128K, reserved 1062912K
  class space    used 1825K, capacity 2020K, committed 2048K, reserved 1048576K
}
Event: 10.677 GC heap before
{Heap before GC invocations=8 (full 0):
 PSYoungGen      total 155136K, used 153024K [0x00000000eab00000, 0x00000000fde00000, 0x0000000100000000)
  eden space 133120K, 100% used [0x00000000eab00000,0x00000000f2d00000,0x00000000f2d00000)
  from space 22016K, 90% used [0x00000000f2d00000,0x00000000f4070030,0x00000000f4280000)
  to   space 24064K, 0% used [0x00000000fc680000,0x00000000fc680000,0x00000000fde00000)
 ParOldGen       total 87552K, used 49102K [0x00000000c0000000, 0x00000000c5580000, 0x00000000eab00000)
  object space 87552K, 56% used [0x00000000c0000000,0x00000000c2ff3b80,0x00000000c5580000)
 Metaspace       used 15502K, capacity 16220K, committed 16384K, reserved 1062912K
  class space    used 1847K, capacity 2030K, committed 2048K, reserved 1048576K
Event: 10.830 GC heap after
Heap after GC invocations=8 (full 0):
 PSYoungGen      total 290304K, used 18267K [0x00000000eab00000, 0x00000000fde00000, 0x0000000100000000)
  eden space 266240K, 0% used [0x00000000eab00000,0x00000000eab00000,0x00000000faf00000)
  from space 24064K, 75% used [0x00000000fc680000,0x00000000fd856dc0,0x00000000fde00000)
  to   space 24064K, 0% used [0x00000000faf00000,0x00000000faf00000,0x00000000fc680000)
 ParOldGen       total 87552K, used 50614K [0x00000000c0000000, 0x00000000c5580000, 0x00000000eab00000)
  object space 87552K, 57% used [0x00000000c0000000,0x00000000c316db78,0x00000000c5580000)
 Metaspace       used 15502K, capacity 16220K, committed 16384K, reserved 1062912K
  class space    used 1847K, capacity 2030K, committed 2048K, reserved 1048576K
}

