# JRE version: OpenJDK Runtime Environment (8.0) (build 1.8.0-25-microsoft-b00)
# Java VM: OpenJDK 64-Bit Server VM (25.71-b00 mixed mode windows-amd64 compressed oops)
Heap:
 PSYoungGen      total 38400K, used 24388K [0x00000000eb400000, 0x00000000eec00000, 0x0000000100000000)
  eden space 25600K, 55% used [0x00000000eb400000,0x00000000ec1f8488,0x00000000ecd00000)
  from space 12800K, 78% used [0x00000000ecd00000,0x00000000ed6d8d28,0x00000000ed980000)
  to   space 13824K, 0% used [0x00000000ede80000,0x00000000ede80000,0x00000000eec00000)
 ParOldGen       total 35328K, used 22130K [0x00000000c1c00000, 0x00000000c3e80000, 0x00000000eb400000)
  object space 35328K, 62% used [0x00000000c1c00000,0x00000000c319c910,0x00000000c3e80000)
 Metaspace       used 9873K, capacity 10420K, committed 10496K, reserved 1058816K
  class space    used 970K, capacity 1008K, committed 1024K, reserved 1048576K
GC Heap History (10 events):
Event: 2.379 GC heap before
{Heap before GC invocations=12 (full 2):
 PSYoungGen      total 27648K, used 23535K [0x00000000eb400000, 0x00000000edf00000, 0x0000000100000000)
  eden space 21504K, 100% used [0x00000000eb400000,0x00000000ec900000,0x00000000ec900000)
  from space 6144K, 33% used [0x00000000ec900000,0x00000000ecafbf68,0x00000000ecf00000)
  to   space 10240K, 0% used [0x00000000ed500000,0x00000000ed500000,0x00000000edf00000)
 ParOldGen       total 21504K, used 12527K [0x00000000c1c00000, 0x00000000c3100000, 0x00000000eb400000)
  object space 21504K, 58% used [0x00000000c1c00000,0x00000000c283bce8,0x00000000c3100000)
 Metaspace       used 8063K, capacity 8852K, committed 9216K, reserved 1056768K
  class space    used 880K, capacity 912K, committed 1024K, reserved 1048576K
Event: 2.399 GC heap after
Heap after GC invocations=12 (full 2):
 PSYoungGen      total 31744K, used 10214K [0x00000000eb400000, 0x00000000ee700000, 0x0000000100000000)
  eden space 21504K, 0% used [0x00000000eb400000,0x00000000eb400000,0x00000000ec900000)
  from space 10240K, 99% used [0x00000000ed500000,0x00000000edef9ae0,0x00000000edf00000)
  to   space 12288K, 0% used [0x00000000ec900000,0x00000000ec900000,0x00000000ed500000)
 ParOldGen       total 21504K, used 13623K [0x00000000c1c00000, 0x00000000c3100000, 0x00000000eb400000)
  object space 21504K, 63% used [0x00000000c1c00000,0x00000000c294dcf8,0x00000000c3100000)
 Metaspace       used 8063K, capacity 8852K, committed 9216K, reserved 1056768K
  class space    used 880K, capacity 912K, committed 1024K, reserved 1048576K
}
Event: 2.978 GC heap before
{Heap before GC invocations=13 (full 2):
 PSYoungGen      total 31744K, used 31718K [0x00000000eb400000, 0x00000000ee700000, 0x0000000100000000)
  eden space 21504K, 100% used [0x00000000eb400000,0x00000000ec900000,0x00000000ec900000)
  from space 10240K, 99% used [0x00000000ed500000,0x00000000edef9ae0,0x00000000edf00000)
  to   space 12288K, 0% used [0x00000000ec900000,0x00000000ec900000,0x00000000ed500000)
 ParOldGen       total 21504K, used 13623K [0x00000000c1c00000, 0x00000000c3100000, 0x00000000eb400000)
  object space 21504K, 63% used [0x00000000c1c00000,0x00000000c294dcf8,0x00000000c3100000)
 Metaspace       used 9031K, capacity 9716K, committed 9984K, reserved 1058816K
  class space    used 969K, capacity 1008K, committed 1024K, reserved 1048576K
Event: 2.998 GC heap after
Heap after GC invocations=13 (full 2):
 PSYoungGen      total 33792K, used 6190K [0x00000000eb400000, 0x00000000ee680000, 0x0000000100000000)
  eden space 21504K, 0% used [0x00000000eb400000,0x00000000eb400000,0x00000000ec900000)
  from space 12288K, 50% used [0x00000000ec900000,0x00000000ecf0b890,0x00000000ed500000)
  to   space 12288K, 0% used [0x00000000eda80000,0x00000000eda80000,0x00000000ee680000)
 ParOldGen       total 22528K, used 21957K [0x00000000c1c00000, 0x00000000c3200000, 0x00000000eb400000)
  object space 22528K, 97% used [0x00000000c1c00000,0x00000000c31715e8,0x00000000c3200000)
 Metaspace       used 9031K, capacity 9716K, committed 9984K, reserved 1058816K
  class space    used 969K, capacity 1008K, committed 1024K, reserved 1048576K
}
Event: 2.998 GC heap before
{Heap before GC invocations=14 (full 3):
 PSYoungGen      total 33792K, used 6190K [0x00000000eb400000, 0x00000000ee680000, 0x0000000100000000)
  eden space 21504K, 0% used [0x00000000eb400000,0x00000000eb400000,0x00000000ec900000)
  from space 12288K, 50% used [0x00000000ec900000,0x00000000ecf0b890,0x00000000ed500000)
  to   space 12288K, 0% used [0x00000000eda80000,0x00000000eda80000,0x00000000ee680000)
 ParOldGen       total 22528K, used 21957K [0x00000000c1c00000, 0x00000000c3200000, 0x00000000eb400000)
  object space 22528K, 97% used [0x00000000c1c00000,0x00000000c31715e8,0x00000000c3200000)
 Metaspace       used 9031K, capacity 9716K, committed 9984K, reserved 1058816K
  class space    used 969K, capacity 1008K, committed 1024K, reserved 1048576K
Event: 3.187 GC heap after
Heap after GC invocations=14 (full 3):
 PSYoungGen      total 33792K, used 4865K [0x00000000eb400000, 0x00000000ee680000, 0x0000000100000000)
  eden space 21504K, 0% used [0x00000000eb400000,0x00000000eb400000,0x00000000ec900000)
  from space 12288K, 39% used [0x00000000ec900000,0x00000000ecdc0768,0x00000000ed500000)
  to   space 12288K, 0% used [0x00000000eda80000,0x00000000eda80000,0x00000000ee680000)
 ParOldGen       total 35328K, used 22122K [0x00000000c1c00000, 0x00000000c3e80000, 0x00000000eb400000)
  object space 35328K, 62% used [0x00000000c1c00000,0x00000000c319a910,0x00000000c3e80000)
 Metaspace       used 9031K, capacity 9716K, committed 9984K, reserved 1058816K
  class space    used 969K, capacity 1008K, committed 1024K, reserved 1048576K
}
Event: 4.582 GC heap before
{Heap before GC invocations=15 (full 3):
 PSYoungGen      total 33792K, used 26369K [0x00000000eb400000, 0x00000000ee680000, 0x0000000100000000)
  eden space 21504K, 100% used [0x00000000eb400000,0x00000000ec900000,0x00000000ec900000)
  from space 12288K, 39% used [0x00000000ec900000,0x00000000ecdc0768,0x00000000ed500000)
  to   space 12288K, 0% used [0x00000000eda80000,0x00000000eda80000,0x00000000ee680000)
 ParOldGen       total 35328K, used 22122K [0x00000000c1c00000, 0x00000000c3e80000, 0x00000000eb400000)
  object space 35328K, 62% used [0x00000000c1c00000,0x00000000c319a910,0x00000000c3e80000)
 Metaspace       used 9674K, capacity 10292K, committed 10496K, reserved 1058816K
  class space    used 970K, capacity 1008K, committed 1024K, reserved 1048576K
Event: 4.614 GC heap after
Heap after GC invocations=15 (full 3):
 PSYoungGen      total 37376K, used 7363K [0x00000000eb400000, 0x00000000ee600000, 0x0000000100000000)
  eden space 25600K, 0% used [0x00000000eb400000,0x00000000eb400000,0x00000000ecd00000)
  from space 11776K, 62% used [0x00000000eda80000,0x00000000ee1b0c08,0x00000000ee600000)
  to   space 12800K, 0% used [0x00000000ecd00000,0x00000000ecd00000,0x00000000ed980000)
 ParOldGen       total 35328K, used 22122K [0x00000000c1c00000, 0x00000000c3e80000, 0x00000000eb400000)
  object space 35328K, 62% used [0x00000000c1c00000,0x00000000c319a910,0x00000000c3e80000)
 Metaspace       used 9674K, capacity 10292K, committed 10496K, reserved 1058816K
  class space    used 970K, capacity 1008K, committed 1024K, reserved 1048576K
}
Event: 5.559 GC heap before
{Heap before GC invocations=16 (full 3):
 PSYoungGen      total 37376K, used 32963K [0x00000000eb400000, 0x00000000ee600000, 0x0000000100000000)
  eden space 25600K, 100% used [0x00000000eb400000,0x00000000ecd00000,0x00000000ecd00000)
  from space 11776K, 62% used [0x00000000eda80000,0x00000000ee1b0c08,0x00000000ee600000)
  to   space 12800K, 0% used [0x00000000ecd00000,0x00000000ecd00000,0x00000000ed980000)
 ParOldGen       total 35328K, used 22122K [0x00000000c1c00000, 0x00000000c3e80000, 0x00000000eb400000)
  object space 35328K, 62% used [0x00000000c1c00000,0x00000000c319a910,0x00000000c3e80000)
 Metaspace       used 9839K, capacity 10420K, committed 10496K, reserved 1058816K
  class space    used 970K, capacity 1008K, committed 1024K, reserved 1048576K
Event: 5.576 GC heap after
Heap after GC invocations=16 (full 3):
 PSYoungGen      total 38400K, used 10083K [0x00000000eb400000, 0x00000000eec00000, 0x0000000100000000)
  eden space 25600K, 0% used [0x00000000eb400000,0x00000000eb400000,0x00000000ecd00000)
  from space 12800K, 78% used [0x00000000ecd00000,0x00000000ed6d8d28,0x00000000ed980000)
  to   space 13824K, 0% used [0x00000000ede80000,0x00000000ede80000,0x00000000eec00000)
 ParOldGen       total 35328K, used 22130K [0x00000000c1c00000, 0x00000000c3e80000, 0x00000000eb400000)
  object space 35328K, 62% used [0x00000000c1c00000,0x00000000c319c910,0x00000000c3e80000)
 Metaspace       used 9839K, capacity 10420K, committed 10496K, reserved 1058816K
  class space    used 970K, capacity 1008K, committed 1024K, reserved 1048576K
}

