# JRE version: OpenJDK Runtime Environment (8.0) (build 1.8.0-25-microsoft-b00)
# Java VM: OpenJDK 64-Bit Server VM (25.71-b00 mixed mode windows-amd64 compressed oops)
Heap:
 PSYoungGen      total 151552K, used 107991K [0x00000000eab00000, 0x00000000f7c00000, 0x0000000100000000)
  eden space 127488K, 70% used [0x00000000eab00000,0x00000000f0289d78,0x00000000f2780000)
  from space 24064K, 76% used [0x00000000f2780000,0x00000000f396c060,0x00000000f3f00000)
  to   space 25088K, 0% used [0x00000000f6380000,0x00000000f6380000,0x00000000f7c00000)
 ParOldGen       total 67584K, used 30109K [0x00000000c0000000, 0x00000000c4200000, 0x00000000eab00000)
  object space 67584K, 44% used [0x00000000c0000000,0x00000000c1d67488,0x00000000c4200000)
 Metaspace       used 15542K, capacity 16360K, committed 16512K, reserved 1062912K
  class space    used 1843K, capacity 2054K, committed 2176K, reserved 1048576K
GC Heap History (10 events):
Event: 3.577 GC heap before
{Heap before GC invocations=8 (full 1):
 PSYoungGen      total 80896K, used 15846K [0x00000000eab00000, 0x00000000f5700000, 0x0000000100000000)
  eden space 65024K, 0% used [0x00000000eab00000,0x00000000eab00000,0x00000000eea80000)
  from space 15872K, 99% used [0x00000000eea80000,0x00000000ef9f9810,0x00000000efa00000)
  to   space 23040K, 0% used [0x00000000f4080000,0x00000000f4080000,0x00000000f5700000)
 ParOldGen       total 44032K, used 35925K [0x00000000c0000000, 0x00000000c2b00000, 0x00000000eab00000)
  object space 44032K, 81% used [0x00000000c0000000,0x00000000c2315580,0x00000000c2b00000)
 Metaspace       used 9459K, capacity 9844K, committed 9984K, reserved 1058816K
  class space    used 1068K, capacity 1164K, committed 1280K, reserved 1048576K
Event: 3.830 GC heap after
Heap after GC invocations=8 (full 1):
 PSYoungGen      total 80896K, used 0K [0x00000000eab00000, 0x00000000f5700000, 0x0000000100000000)
  eden space 65024K, 0% used [0x00000000eab00000,0x00000000eab00000,0x00000000eea80000)
  from space 15872K, 0% used [0x00000000eea80000,0x00000000eea80000,0x00000000efa00000)
  to   space 23040K, 0% used [0x00000000f4080000,0x00000000f4080000,0x00000000f5700000)
 ParOldGen       total 67584K, used 30093K [0x00000000c0000000, 0x00000000c4200000, 0x00000000eab00000)
  object space 67584K, 44% used [0x00000000c0000000,0x00000000c1d63488,0x00000000c4200000)
 Metaspace       used 9449K, capacity 9816K, committed 9984K, reserved 1058816K
  class space    used 1065K, capacity 1158K, committed 1280K, reserved 1048576K
}
Event: 4.264 GC heap before
{Heap before GC invocations=9 (full 1):
 PSYoungGen      total 80896K, used 65024K [0x00000000eab00000, 0x00000000f5700000, 0x0000000100000000)
  eden space 65024K, 100% used [0x00000000eab00000,0x00000000eea80000,0x00000000eea80000)
  from space 15872K, 0% used [0x00000000eea80000,0x00000000eea80000,0x00000000efa00000)
  to   space 23040K, 0% used [0x00000000f4080000,0x00000000f4080000,0x00000000f5700000)
 ParOldGen       total 67584K, used 30093K [0x00000000c0000000, 0x00000000c4200000, 0x00000000eab00000)
  object space 67584K, 44% used [0x00000000c0000000,0x00000000c1d63488,0x00000000c4200000)
 Metaspace       used 9476K, capacity 9816K, committed 9984K, reserved 1058816K
  class space    used 1067K, capacity 1158K, committed 1280K, reserved 1048576K
Event: 4.312 GC heap after
Heap after GC invocations=9 (full 1):
 PSYoungGen      total 110080K, used 10096K [0x00000000eab00000, 0x00000000f4a80000, 0x0000000100000000)
  eden space 99840K, 0% used [0x00000000eab00000,0x00000000eab00000,0x00000000f0c80000)
  from space 10240K, 98% used [0x00000000f4080000,0x00000000f4a5c140,0x00000000f4a80000)
  to   space 22016K, 0% used [0x00000000f1f80000,0x00000000f1f80000,0x00000000f3500000)
 ParOldGen       total 67584K, used 30101K [0x00000000c0000000, 0x00000000c4200000, 0x00000000eab00000)
  object space 67584K, 44% used [0x00000000c0000000,0x00000000c1d65488,0x00000000c4200000)
 Metaspace       used 9476K, capacity 9816K, committed 9984K, reserved 1058816K
  class space    used 1067K, capacity 1158K, committed 1280K, reserved 1048576K
}
Event: 7.016 GC heap before
{Heap before GC invocations=10 (full 1):
 PSYoungGen      total 110080K, used 109936K [0x00000000eab00000, 0x00000000f4a80000, 0x0000000100000000)
  eden space 99840K, 100% used [0x00000000eab00000,0x00000000f0c80000,0x00000000f0c80000)
  from space 10240K, 98% used [0x00000000f4080000,0x00000000f4a5c140,0x00000000f4a80000)
  to   space 22016K, 0% used [0x00000000f1f80000,0x00000000f1f80000,0x00000000f3500000)
 ParOldGen       total 67584K, used 30101K [0x00000000c0000000, 0x00000000c4200000, 0x00000000eab00000)
  object space 67584K, 44% used [0x00000000c0000000,0x00000000c1d65488,0x00000000c4200000)
 Metaspace       used 15164K, capacity 15836K, committed 16128K, reserved 1062912K
  class space    used 1812K, capacity 1980K, committed 2048K, reserved 1048576K
Event: 7.065 GC heap after
Heap after GC invocations=10 (full 1):
 PSYoungGen      total 141312K, used 16695K [0x00000000eab00000, 0x00000000f5580000, 0x0000000100000000)
  eden space 119296K, 0% used [0x00000000eab00000,0x00000000eab00000,0x00000000f1f80000)
  from space 22016K, 75% used [0x00000000f1f80000,0x00000000f2fcdc80,0x00000000f3500000)
  to   space 23040K, 0% used [0x00000000f3f00000,0x00000000f3f00000,0x00000000f5580000)
 ParOldGen       total 67584K, used 30101K [0x00000000c0000000, 0x00000000c4200000, 0x00000000eab00000)
  object space 67584K, 44% used [0x00000000c0000000,0x00000000c1d65488,0x00000000c4200000)
 Metaspace       used 15164K, capacity 15836K, committed 16128K, reserved 1062912K
  class space    used 1812K, capacity 1980K, committed 2048K, reserved 1048576K
}
Event: 8.207 GC heap before
{Heap before GC invocations=11 (full 1):
 PSYoungGen      total 141312K, used 135991K [0x00000000eab00000, 0x00000000f5580000, 0x0000000100000000)
  eden space 119296K, 100% used [0x00000000eab00000,0x00000000f1f80000,0x00000000f1f80000)
  from space 22016K, 75% used [0x00000000f1f80000,0x00000000f2fcdc80,0x00000000f3500000)
  to   space 23040K, 0% used [0x00000000f3f00000,0x00000000f3f00000,0x00000000f5580000)
 ParOldGen       total 67584K, used 30101K [0x00000000c0000000, 0x00000000c4200000, 0x00000000eab00000)
  object space 67584K, 44% used [0x00000000c0000000,0x00000000c1d65488,0x00000000c4200000)
 Metaspace       used 15440K, capacity 16128K, committed 16256K, reserved 1062912K
  class space    used 1837K, capacity 2050K, committed 2176K, reserved 1048576K
Event: 8.248 GC heap after
Heap after GC invocations=11 (full 1):
 PSYoungGen      total 150528K, used 16444K [0x00000000eab00000, 0x00000000f6e00000, 0x0000000100000000)
  eden space 127488K, 0% used [0x00000000eab00000,0x00000000eab00000,0x00000000f2780000)
  from space 23040K, 71% used [0x00000000f3f00000,0x00000000f4f0f0d8,0x00000000f5580000)
  to   space 24064K, 0% used [0x00000000f2780000,0x00000000f2780000,0x00000000f3f00000)
 ParOldGen       total 67584K, used 30101K [0x00000000c0000000, 0x00000000c4200000, 0x00000000eab00000)
  object space 67584K, 44% used [0x00000000c0000000,0x00000000c1d65488,0x00000000c4200000)
 Metaspace       used 15440K, capacity 16128K, committed 16256K, reserved 1062912K
  class space    used 1837K, capacity 2050K, committed 2176K, reserved 1048576K
}
Event: 9.519 GC heap before
{Heap before GC invocations=12 (full 1):
 PSYoungGen      total 150528K, used 143932K [0x00000000eab00000, 0x00000000f6e00000, 0x0000000100000000)
  eden space 127488K, 100% used [0x00000000eab00000,0x00000000f2780000,0x00000000f2780000)
  from space 23040K, 71% used [0x00000000f3f00000,0x00000000f4f0f0d8,0x00000000f5580000)
  to   space 24064K, 0% used [0x00000000f2780000,0x00000000f2780000,0x00000000f3f00000)
 ParOldGen       total 67584K, used 30101K [0x00000000c0000000, 0x00000000c4200000, 0x00000000eab00000)
  object space 67584K, 44% used [0x00000000c0000000,0x00000000c1d65488,0x00000000c4200000)
 Metaspace       used 15506K, capacity 16224K, committed 16512K, reserved 1062912K
  class space    used 1842K, capacity 2054K, committed 2176K, reserved 1048576K
Event: 9.619 GC heap after
Heap after GC invocations=12 (full 1):
 PSYoungGen      total 151552K, used 18352K [0x00000000eab00000, 0x00000000f7c00000, 0x0000000100000000)
  eden space 127488K, 0% used [0x00000000eab00000,0x00000000eab00000,0x00000000f2780000)
  from space 24064K, 76% used [0x00000000f2780000,0x00000000f396c060,0x00000000f3f00000)
  to   space 25088K, 0% used [0x00000000f6380000,0x00000000f6380000,0x00000000f7c00000)
 ParOldGen       total 67584K, used 30109K [0x00000000c0000000, 0x00000000c4200000, 0x00000000eab00000)
  object space 67584K, 44% used [0x00000000c0000000,0x00000000c1d67488,0x00000000c4200000)
 Metaspace       used 15506K, capacity 16224K, committed 16512K, reserved 1062912K
  class space    used 1842K, capacity 2054K, committed 2176K, reserved 1048576K
}

